<?xml version="1.0" encoding="UTF-8"?>
<coverage generated="1586827065016" clover="3.2.0">
  <project timestamp="1586827065016" name="All files">
    <metrics statements="18" coveredstatements="17" conditionals="14" coveredconditionals="12" methods="1" coveredmethods="1" elements="33" coveredelements="30" complexity="0" loc="18" ncloc="18" packages="1" files="1" classes="1"/>
    <file name="date-adder.js" path="/Users/Fitch/alchemy/career-track/date-adder/date-adder.js">
      <metrics statements="18" coveredstatements="17" conditionals="14" coveredconditionals="12" methods="1" coveredmethods="1"/>
      <line num="1" count="1" type="stmt"/>
      <line num="2" count="7" type="stmt"/>
      <line num="3" count="7" type="stmt"/>
      <line num="4" count="7" type="cond" truecount="2" falsecount="0"/>
      <line num="5" count="1" type="stmt"/>
      <line num="6" count="6" type="cond" truecount="2" falsecount="0"/>
      <line num="7" count="1" type="stmt"/>
      <line num="8" count="5" type="cond" truecount="1" falsecount="1"/>
      <line num="9" count="0" type="stmt"/>
      <line num="10" count="5" type="cond" truecount="2" falsecount="0"/>
      <line num="11" count="2" type="stmt"/>
      <line num="12" count="3" type="cond" truecount="2" falsecount="0"/>
      <line num="13" count="1" type="stmt"/>
      <line num="14" count="2" type="cond" truecount="2" falsecount="0"/>
      <line num="15" count="1" type="stmt"/>
      <line num="16" count="1" type="cond" truecount="1" falsecount="1"/>
      <line num="17" count="1" type="stmt"/>
      <line num="21" count="1" type="stmt"/>
    </file>
  </project>
</coverage>
