{"/Users/Fitch/alchemy/career-track/date-adder/date-adder.js": {"path":"/Users/Fitch/alchemy/career-track/date-adder/date-adder.js","statementMap":{"0":{"start":{"line":1,"column":12},"end":{"line":19,"column":1}},"1":{"start":{"line":2,"column":2},"end":{"line":2,"column":37}},"2":{"start":{"line":3,"column":2},"end":{"line":3,"column":32}},"3":{"start":{"line":4,"column":2},"end":{"line":18,"column":3}},"4":{"start":{"line":5,"column":4},"end":{"line":5,"column":62}},"5":{"start":{"line":6,"column":9},"end":{"line":18,"column":3}},"6":{"start":{"line":7,"column":4},"end":{"line":7,"column":62}},"7":{"start":{"line":8,"column":9},"end":{"line":18,"column":3}},"8":{"start":{"line":9,"column":4},"end":{"line":9,"column":58}},"9":{"start":{"line":10,"column":9},"end":{"line":18,"column":3}},"10":{"start":{"line":11,"column":4},"end":{"line":11,"column":56}},"11":{"start":{"line":12,"column":9},"end":{"line":18,"column":3}},"12":{"start":{"line":13,"column":4},"end":{"line":13,"column":62}},"13":{"start":{"line":14,"column":9},"end":{"line":18,"column":3}},"14":{"start":{"line":15,"column":4},"end":{"line":15,"column":59}},"15":{"start":{"line":16,"column":9},"end":{"line":18,"column":3}},"16":{"start":{"line":17,"column":4},"end":{"line":17,"column":60}},"17":{"start":{"line":21,"column":0},"end":{"line":23,"column":2}}},"fnMap":{"0":{"name":"(anonymous_0)","decl":{"start":{"line":1,"column":12},"end":{"line":1,"column":13}},"loc":{"start":{"line":1,"column":28},"end":{"line":19,"column":1}},"line":1}},"branchMap":{"0":{"loc":{"start":{"line":4,"column":2},"end":{"line":18,"column":3}},"type":"if","locations":[{"start":{"line":4,"column":2},"end":{"line":18,"column":3}},{"start":{"line":4,"column":2},"end":{"line":18,"column":3}}],"line":4},"1":{"loc":{"start":{"line":6,"column":9},"end":{"line":18,"column":3}},"type":"if","locations":[{"start":{"line":6,"column":9},"end":{"line":18,"column":3}},{"start":{"line":6,"column":9},"end":{"line":18,"column":3}}],"line":6},"2":{"loc":{"start":{"line":8,"column":9},"end":{"line":18,"column":3}},"type":"if","locations":[{"start":{"line":8,"column":9},"end":{"line":18,"column":3}},{"start":{"line":8,"column":9},"end":{"line":18,"column":3}}],"line":8},"3":{"loc":{"start":{"line":10,"column":9},"end":{"line":18,"column":3}},"type":"if","locations":[{"start":{"line":10,"column":9},"end":{"line":18,"column":3}},{"start":{"line":10,"column":9},"end":{"line":18,"column":3}}],"line":10},"4":{"loc":{"start":{"line":12,"column":9},"end":{"line":18,"column":3}},"type":"if","locations":[{"start":{"line":12,"column":9},"end":{"line":18,"column":3}},{"start":{"line":12,"column":9},"end":{"line":18,"column":3}}],"line":12},"5":{"loc":{"start":{"line":14,"column":9},"end":{"line":18,"column":3}},"type":"if","locations":[{"start":{"line":14,"column":9},"end":{"line":18,"column":3}},{"start":{"line":14,"column":9},"end":{"line":18,"column":3}}],"line":14},"6":{"loc":{"start":{"line":16,"column":9},"end":{"line":18,"column":3}},"type":"if","locations":[{"start":{"line":16,"column":9},"end":{"line":18,"column":3}},{"start":{"line":16,"column":9},"end":{"line":18,"column":3}}],"line":16}},"s":{"0":1,"1":7,"2":7,"3":7,"4":1,"5":6,"6":1,"7":5,"8":0,"9":5,"10":2,"11":3,"12":1,"13":2,"14":1,"15":1,"16":1,"17":1},"f":{"0":7},"b":{"0":[1,6],"1":[1,5],"2":[0,5],"3":[2,3],"4":[1,2],"5":[1,1],"6":[1,0]},"_coverageSchema":"1a1c01bbd47fc00a2c39e90264f33305004495a9","hash":"10a46355fc62460afef82e2a9fe0a3bd3004ea7c"}
}
